<?xml version="1.0" encoding="UTF-8" standalone="no"?><testsuites><testsuite errors="0" failures="0" hostname="0149AE2405015006_samsung_GalaxyNexus" name="com.twolinessoftware.android.jts.test" tests="0" time="0.0000" timestamp="Thu Aug 02 15:01:37 MDT 2012"><properties><property name="java.runtime.name" value="Java(TM) SE Runtime Environment"/><property name="sun.boot.library.path" value="e:\Program Files\Java\jdk1.6.0_25\jre\bin"/><property name="java.vm.version" value="20.0-b11"/><property name="java.vm.vendor" value="Sun Microsystems Inc."/><property name="java.vendor.url" value="http://java.sun.com/"/><property name="guice.disable.misplaced.annotation.check" value="true"/><property name="path.separator" value=";"/><property name="java.vm.name" value="Java HotSpot(TM) 64-Bit Server VM"/><property name="file.encoding.pkg" value="sun.io"/><property name="sun.java.launcher" value="SUN_STANDARD"/><property name="user.country" value="CA"/><property name="sun.os.patch.level" value="Service Pack 1"/><property name="java.vm.specification.name" value="Java Virtual Machine Specification"/><property name="user.dir" value="e:\Workspaces\Trapster\Android-JTSProvider"/><property name="java.runtime.version" value="1.6.0_25-b06"/><property name="java.awt.graphicsenv" value="sun.awt.Win32GraphicsEnvironment"/><property name="java.endorsed.dirs" value="e:\Program Files\Java\jdk1.6.0_25\jre\lib\endorsed"/><property name="os.arch" value="amd64"/><property name="java.io.tmpdir" value="C:\Users\John\AppData\Local\Temp\"/><property name="line.separator" value="&#13;&#10;"/><property name="java.vm.specification.vendor" value="Sun Microsystems Inc."/><property name="user.variant" value=""/><property name="os.name" value="Windows 7"/><property name="classworlds.conf" value="e:/Tools/Maven/apache-maven-3.0.4/bin/m2.conf"/><property name="sun.jnu.encoding" value="Cp1252"/><property name="java.library.path" value="e:\Program Files\Java\jdk1.6.0_25\bin;.;C:\Windows\Sun\Java\bin;C:\Windows\system32;C:\Windows;/c/Users/John/bin:.:/usr/local/bin:/mingw/bin:/bin:/c/Program Files (x86)/AMD APP/bin/x86_64:/c/Program Files (x86)/AMD APP/bin/x86:/e/Program Files (x86)/ImageMagick-6.7.6-Q16:/e/Ruby193/bin:/c/Program Files (x86)/NVIDIA Corporation/PhysX/Common:/c/Windows/system32:/c/Windows:/c/Windows/System32/Wbem:/c/Windows/System32/WindowsPowerShell/v1.0/:/e/Program Files/TortoiseSVN/bin:/e/Tools/grails/grails-1.3.7/bin:/e/Program Files/Java/jdk1.6.0_25/bin:/c/Program Files (x86)/ATI Technologies/ATI.ACE/Core-Static:/e/Program Files (x86)/Groovy/Groovy-1.8.2/bin:/e/Tools/android-ndk-r6:/e/Program Files/ATI Technologies/ATI.ACE/Core-Static:/e/Tools/android-sdk-windows/tools:/e/Tools/android-sdk-windows/platform-tools:/e/Tools/Maven/apache-maven-3.0.4/bin:/e/Program Files (x86)/Heroku/bin:/c/Program Files (x86)/ruby-1.9.3/bin:/c/Program Files (x86)/git/bin:/c/Program Files (x86)/git/cmd:/e/Tools/apache-ant-1.7.1/bin&#10;"/><property name="java.specification.name" value="Java Platform API Specification"/><property name="java.class.version" value="50.0"/><property name="sun.management.compiler" value="HotSpot 64-Bit Tiered Compilers"/><property name="os.version" value="6.1"/><property name="user.home" value="C:\Users\John"/><property name="user.timezone" value="America/Denver"/><property name="java.awt.printerjob" value="sun.awt.windows.WPrinterJob"/><property name="file.encoding" value="Cp1252"/><property name="java.specification.version" value="1.6"/><property name="java.class.path" value="e:/Tools/Maven/apache-maven-3.0.4/boot/plexus-classworlds-2.4.jar"/><property name="user.name" value="John"/><property name="java.vm.specification.version" value="1.0"/><property name="sun.java.command" value="org.codehaus.plexus.classworlds.launcher.Launcher clean install"/><property name="java.home" value="e:\Program Files\Java\jdk1.6.0_25\jre"/><property name="sun.arch.data.model" value="64"/><property name="user.language" value="en"/><property name="java.specification.vendor" value="Sun Microsystems Inc."/><property name="awt.toolkit" value="sun.awt.windows.WToolkit"/><property name="java.vm.info" value="mixed mode"/><property name="java.version" value="1.6.0_25"/><property name="java.ext.dirs" value="e:\Program Files\Java\jdk1.6.0_25\jre\lib\ext;C:\Windows\Sun\Java\lib\ext"/><property name="sun.boot.class.path" value="e:\Program Files\Java\jdk1.6.0_25\jre\lib\resources.jar;e:\Program Files\Java\jdk1.6.0_25\jre\lib\rt.jar;e:\Program Files\Java\jdk1.6.0_25\jre\lib\sunrsasign.jar;e:\Program Files\Java\jdk1.6.0_25\jre\lib\jsse.jar;e:\Program Files\Java\jdk1.6.0_25\jre\lib\jce.jar;e:\Program Files\Java\jdk1.6.0_25\jre\lib\charsets.jar;e:\Program Files\Java\jdk1.6.0_25\jre\lib\modules\jdk.boot.jar;e:\Program Files\Java\jdk1.6.0_25\jre\classes"/><property name="java.vendor" value="Sun Microsystems Inc."/><property name="maven.home" value="e:\Tools\Maven\apache-maven-3.0.4"/><property name="file.separator" value="\"/><property name="java.vendor.url.bug" value="http://java.sun.com/cgi-bin/bugreport.cgi"/><property name="sun.io.unicode.encoding" value="UnicodeLittle"/><property name="sun.cpu.endian" value="little"/><property name="sun.desktop" value="windows"/><property name="sun.cpu.isalist" value="amd64"/><property name="ro.product.manufacturer" value="samsung"/><property name="gsm.sim.operator.alpha" value=""/><property name="sys.settings_secure_version" value="4"/><property name="net.dns1.12734" value=""/><property name="ro.com.android.wifi-watchlist" value="GoogleGuest"/><property name="ril.pin_mode" value="0"/><property name="persist.sys.profiler_ms" value="0"/><property name="init.svc.ueventd" value="running"/><property name="gsm.operator.iso-country" value="ca"/><property name="ro.product.model" value="Galaxy Nexus"/><property name="ril.initPB" value="1"/><property name="ril.model_id" value="I9250"/><property name="ro.bootloader" value="PRIMELC03"/><property name="init.svc.vold" value="running"/><property name="ro.boot.serialno" value="0149AE2405015006"/><property name="net.hostname" value="android-23406f61f9ce1cf4"/><property name="keyguard.no_require_sim" value="true"/><property name="ro.facelock.rec_timeout" value="2500"/><property name="ro.build.version.sdk" value="16"/><property name="sys.usb.config" value="mtp,adb"/><property name="ril.ecclist" value="112,911"/><property name="ril.sales_code" value="GEN"/><property name="sys.settings_system_version" value="116"/><property name="gsm.operator.isroaming" value="false"/><property name="dhcp.wlan0.dns3" value=""/><property name="ro.facelock.lively_timeout" value="2500"/><property name="dhcp.wlan0.dns2" value=""/><property name="dhcp.wlan0.dns1" value="192.168.1.1"/><property name="ro.error.receiver.system.apps" value="com.google.android.feedback"/><property name="ril.prl_num" value="0"/><property name="dhcp.wlan0.dns4" value=""/><property name="ro.allow.mock.location" value="0"/><property name="ro.bt.bdaddr_path" value="/factory/bluetooth/bt_addr"/><property name="ro.nfc.port" value="COM4"/><property name="ro.boot.baseband" value="I9250XXLF1"/><property name="net.tcp.buffersize.wifi" value="524288,1048576,2097152,262144,524288,1048576"/><property name="ril.fac.default" value="false"/><property name="ril.sw_ver" value="I9250XXLF1"/><property name="gsm.version.baseband" value="I9250XXLF1"/><property name="ril.hw_ver" value="REV1.1"/><property name="ro.crypto.fuse_sdcard" value="true"/><property name="ro.product.brand" value="google"/><property name="dhcp.wlan0.result" value="ok"/><property name="ro.product.device" value="maguro"/><property name="dev.bootcomplete" value="1"/><property name="ro.setupwizard.enterprise_mode" value="1"/><property name="gsm.sim.state" value="READY"/><property name="ro.hardware" value="tuna"/><property name="ril.rfcal_date" value="2012.2.22"/><property name="ro.build.id" value="JRO03C"/><property name="ro.com.google.mcc_fallback" value="262"/><property name="rild.libpath" value="/vendor/lib/libsec-ril.so"/><property name="sys.boot_completed" value="1"/><property name="net.change" value="net.rmnet0.gw"/><property name="ro.product.name" value="takju"/><property name="ro.build.tags" value="release-keys"/><property name="gsm.STK_USER_SESSION" value="0"/><property name="init.svc.drm" value="running"/><property name="ro.build.version.codename" value="REL"/><property name="dhcp.wlan0.pid" value="4347"/><property name="rild.libargs" value="-d /dev/ttys0"/><property name="ro.product.cpu.abi" value="armeabi-v7a"/><property name="dhcp.wlan0.vendorInfo" value=""/><property name="ro.sf.lcd_density" value="320"/><property name="dalvik.vm.heapsize" value="256m"/><property name="init.svc.bootanim" value="stopped"/><property name="dalvik.vm.stack-trace-file" value="/data/anr/traces.txt"/><property name="ro.com.google.clientidbase" value="android-google"/><property name="net.tcp.buffersize.edge" value="4093,26280,35040,4096,16384,35040"/><property name="ril.FS" value="false"/><property name="net.wlan0.dns1" value="49.0.0.0"/><property name="ro.serialno" value="0149AE2405015006"/><property name="net.wlan0.dns2" value=""/><property name="init.svc.iprenew_wlan0" value="stopped"/><property name="ro.build.date" value="Wed Jul  4 21:29:44 UTC 2012"/><property name="ro.com.android.dataroaming" value="false"/><property name="vold.post_fs_data_done" value="1"/><property name="wlan.driver.status" value="ok"/><property name="ro.product.cpu.abi2" value="armeabi"/><property name="drm.service.enabled" value="true"/><property name="init.svc.zygote" value="running"/><property name="init.svc.hciattach" value="running"/><property name="init.svc.servicemanager" value="running"/><property name="ro.build.user" value="android-build"/><property name="gsm.sim.operator.iso-country" value="ca"/><property name="ro.facelock.det_timeout" value="1500"/><property name="ro.config.ringtone" value="Themos.ogg"/><property name="ro.build.type" value="user"/><property name="ro.carrier" value="unknown"/><property name="ro.secure" value="1"/><property name="ro.build.version.incremental" value="398337"/><property name="init.svc.adbd" value="running"/><property name="gsm.operator.alpha" value="Bell"/><property name="net.dns2" value=""/><property name="net.dns1" value="192.168.1.1"/><property name="init.svc.ril-daemon" value="running"/><property name="ro.debuggable" value="0"/><property name="persist.sys.usb.config" value="mtp,adb"/><property name="ro.boot.macaddr" value=""/><property name="net.rmnet0.dns1" value=""/><property name="net.rmnet0.dns2" value=""/><property name="init.svc.debuggerd" value="running"/><property name="init.svc.smc_pa_wvdrm" value="stopped"/><property name="net.dns2.12734" value=""/><property name="system_init.startsurfaceflinger" value="0"/><property name="persist.sys.language" value="en"/><property name="ro.factorytest" value="0"/><property name="ro.build.fingerprint" value="google/takju/maguro:4.1.1/JRO03C/398337:user/release-keys"/><property name="service.bootanim.exit" value="1"/><property name="net.dnschange" value="43"/><property name="ro.build.product" value="maguro"/><property name="init.svc.p2p_supplicant" value="running"/><property name="ro.facelock.est_max_time" value="1000"/><property name="net.bt.name" value="Android"/><property name="telephony.lteOnCdmaDevice" value="0"/><property name="ro.bootmode" value="unknown"/><property name="ro.baseband" value="I9250XXLF1"/><property name="ro.build.host" value="vpba14.mtv.corp.google.com"/><property name="ro.runtime.firstboot" value="1343256626829"/><property name="dhcp.wlan0.server" value="192.168.1.1"/><property name="ro.build.display.id" value="JRO03C"/><property name="ro.revision" value="9"/><property name="init.svc.sdcard" value="running"/><property name="ro.product.locale.region" value="US"/><property name="wifi.interface" value="wlan0"/><property name="persist.sys.timezone" value="America/Edmonton"/><property name="gsm.operator.numeric" value="302610"/><property name="init.svc.dbus" value="running"/><property name="ro.crypto.state" value="unencrypted"/><property name="ro.url.legal" value="http://www.google.com/intl/%s/mobile/android/basic/phone-legal.html"/><property name="dalvik.vm.heapstartsize" value="8m"/><property name="ro.boot.bootloader" value="PRIMELC03"/><property name="ril.ICC_TYPE" value="2"/><property name="ro.boot.console" value="ttyFIQ0"/><property name="persist.sys.localevar" value=""/><property name="gsm.nitz.time" value="1343926388025"/><property name="gsm.sim.operator.numeric" value="302610"/><property name="ril.serialnumber" value="00000000000"/><property name="ro.config.notification_sound" value="Proxima.ogg"/><property name="init.svc.bluetoothd" value="running"/><property name="ro.board.platform" value="omap4"/><property name="ro.build.date.utc" value="1341437384"/><property name="net.rmnet0.gw" value=""/><property name="ro.product.locale.language" value="en"/><property name="gsm.defaultpdpcontext.active" value="true"/><property name="init.svc.keystore" value="running"/><property name="init.svc.fRom" value="stopped"/><property name="init.svc.netd" value="running"/><property name="dalvik.vm.dexopt-flags" value="m=y"/><property name="ro.build.characteristics" value="nosdcard"/><property name="ril.product_code" value="Not Active"/><property name="init.svc.pvrsrvctl" value="stopped"/><property name="ril.RildInit" value="1"/><property name="net.tcp.buffersize.lte" value="524288,1048576,2097152,262144,524288,1048576"/><property name="ro.com.android.dateformat" value="MM-dd-yyyy"/><property name="net.tcp.buffersize.umts" value="4094,87380,110208,4096,16384,110208"/><property name="net.tcp.buffersize.default" value="4096,87380,110208,4096,16384,110208"/><property name="sys.usb.state" value="mtp,adb"/><property name="ro.config.alarm_alert" value="Cesium.ogg"/><property name="gsm.version.ril-impl" value="Samsung RIL(IPC) v2.9 (1114434)-E911"/><property name="ro.product.board" value="tuna"/><property name="init.svc.setup_fs" value="stopped"/><property name="init.svc.media" value="running"/><property name="ro.build.description" value="takju-user 4.1.1 JRO03C 398337 release-keys"/><property name="init.svc.tf_daemon" value="running"/><property name="dalvik.vm.heapgrowthlimit" value="64m"/><property name="ro.facelock.black_timeout" value="1250"/><property name="init.svc.surfaceflinger" value="running"/><property name="dhcp.wlan0.ipaddress" value="192.168.1.194"/><property name="persist.sys.country" value="GB"/><property name="init.svc.dhcpcd_wlan0" value="running"/><property name="net.tcp.buffersize.gprs" value="4092,8760,11680,4096,8760,11680"/><property name="init.svc.flash_recovery" value="stopped"/><property name="ro.build.version.release" value="4.1.1"/><property name="net.tcp.buffersize.hspa" value="4094,87380,262144,4096,16384,262144"/><property name="media.aac_51_output_enabled" value="true"/><property name="ro.telephony.call_ring.multiple" value="0"/><property name="ro.facelock.use_intro_anim" value="true"/><property name="ro.url.legal.android_privacy" value="http://www.google.com/intl/%s/mobile/android/basic/privacy.html"/><property name="gsm.current.phone-type" value="1"/><property name="camera.flash_off" value="0"/><property name="ro.opengles.version" value="131072"/><property name="dhcp.wlan0.reason" value="REBOOT"/><property name="dhcp.wlan0.mask" value="255.255.255.0"/><property name="dhcp.wlan0.leasetime" value="86400"/><property name="init.svc.installd" value="running"/><property name="net.dns1.8465" value=""/><property name="dhcp.wlan0.gateway" value="192.168.1.1"/><property name="ro.wifi.channels" value=""/><property name="net.qtaguid_enabled" value="1"/><property name="gsm.network.type" value="HSDPA"/><property name="net.dns2.8465" value=""/><property name="ril.last_lu_rej_cause" value="13"/></properties></testsuite></testsuites>